<?xml version="1.0" encoding="UTF-8"?>
<testsuite xmlns:xsi="http://www.w3.org/2001/XMLSchema-instance" xsi:noNamespaceSchemaLocation="https://maven.apache.org/surefire/maven-surefire-plugin/xsd/surefire-test-report-3.0.xsd" version="3.0" name="com.library.LibraryTest" time="0.087" tests="13" errors="0" skipped="0" failures="0">
  <properties>
[...]
</properties>
  <testcase name="testUserAuthentication" classname="com.library.LibraryTest" time="0.014">
    <system-out><![CDATA[✅ Book added successfully.
✅ CD added successfully.
]]></system-out>
  </testcase>
  <testcase name="testOverdueAndFines" classname="com.library.LibraryTest" time="0.013">
    <system-out><![CDATA[✅ Book added successfully.
✅ CD added successfully.
✅ Book added successfully.
✅ Librarian added: Libby

======================================================================
ISSUING FINES FOR SEVERELY OVERDUE BOOKS (>28 DAYS)
Found 1 severely overdue books
======================================================================
📕 Old Book                       | 👤 Alice                | ⏰  30 days | 💰 300.00 NIS

📊 SUMMARY:
• Total fines issued: 300.0 NIS
• Number of fines: 1
• Processed by: Libby
✅ Severe overdue fines issued successfully!
]]></system-out>
  </testcase>
  <testcase name="testAdminAuthentication" classname="com.library.LibraryTest" time="0.003">
    <system-out><![CDATA[✅ Book added successfully.
✅ CD added successfully.
]]></system-out>
  </testcase>
  <testcase name="testAddRemoveUser" classname="com.library.LibraryTest" time="0.004">
    <system-out><![CDATA[✅ Book added successfully.
✅ CD added successfully.
❌ User not found.
✅ User bob@test.com unregistered successfully.
]]></system-out>
  </testcase>
  <testcase name="testSearchMedia" classname="com.library.LibraryTest" time="0.004">
    <system-out><![CDATA[✅ Book added successfully.
✅ CD added successfully.
]]></system-out>
  </testcase>
  <testcase name="testRegisterDuplicateUser" classname="com.library.LibraryTest" time="0.003">
    <system-out><![CDATA[✅ Book added successfully.
✅ CD added successfully.
]]></system-out>
  </testcase>
  <testcase name="testGetAllMethods" classname="com.library.LibraryTest" time="0.003">
    <system-out><![CDATA[✅ Book added successfully.
✅ CD added successfully.
]]></system-out>
  </testcase>
  <testcase name="testBorrowBlockedByFines" classname="com.library.LibraryTest" time="0.003">
    <system-out><![CDATA[✅ Book added successfully.
✅ CD added successfully.
❌ Cannot borrow: You have overdue items or unpaid fines.
]]></system-out>
  </testcase>
  <testcase name="testBorrowNonExistingMedia" classname="com.library.LibraryTest" time="0.004">
    <system-out><![CDATA[✅ Book added successfully.
✅ CD added successfully.
❌ Media not found.
]]></system-out>
  </testcase>
  <testcase name="testBorrowReturnFlow" classname="com.library.LibraryTest" time="0.013">
    <system-out><![CDATA[✅ Book added successfully.
✅ CD added successfully.
✅ Successfully borrowed: Java Programming
📅 Due date: 2026-01-08
❌ Media is already borrowed.
✅ Successfully returned: Java Programming
❌ You haven't borrowed this item: Java Programming
]]></system-out>
  </testcase>
  <testcase name="testEdgeCases" classname="com.library.LibraryTest" time="0.003">
    <system-out><![CDATA[✅ Book added successfully.
✅ CD added successfully.
✅ Successfully borrowed: Java Programming
📅 Due date: 2026-01-08
❌ Cannot unregister user with active borrowed items.
]]></system-out>
  </testcase>
  <testcase name="testSendOverdueReminders" classname="com.library.LibraryTest" time="0.004">
    <system-out><![CDATA[✅ Book added successfully.
✅ CD added successfully.
]]></system-out>
  </testcase>
  <testcase name="testAddLibrarian" classname="com.library.LibraryTest" time="0.004">
    <system-out><![CDATA[✅ Book added successfully.
✅ CD added successfully.
✅ Librarian added: Libby
]]></system-out>
  </testcase>
</testsuite>